<?xml version="1.0" encoding="UTF-8"?>
<!-- Generated by org.testng.reporters.JUnitXMLReporter -->
<testsuite ignored="6" hostname="DESKTOP-HDJ8QBL" failures="0" tests="1" name="Default test" time="87.588" errors="0" timestamp="2024-06-24T12:28:19 GMT-07:00">
  <testcase classname="test.CartTest" name="verifyIfUserIsAbleToFillShippingAddressForm" time="66.02"/>
  <testcase classname="test.CartTest" name="verifyIfUserIsAbleToAddProductsInCart" time="0.0">
    <ignored/>
  </testcase> <!-- verifyIfUserIsAbleToAddProductsInCart -->
  <testcase classname="test.CartTest" name="verifyOrderAmount" time="0.0">
    <ignored/>
  </testcase> <!-- verifyOrderAmount -->
  <testcase classname="test.CartTest" name="verifyCartAmountWithMultipleProduct" time="0.0">
    <ignored/>
  </testcase> <!-- verifyCartAmountWithMultipleProduct -->
  <testcase classname="test.CartTest" name="verifyIfUserIsAbleTORemoveProductsFromCart" time="0.0">
    <ignored/>
  </testcase> <!-- verifyIfUserIsAbleTORemoveProductsFromCart -->
  <testcase classname="test.CartTest" name="verifyTotalAmountWithMultipleProduct" time="0.0">
    <ignored/>
  </testcase> <!-- verifyTotalAmountWithMultipleProduct -->
  <testcase classname="test.CartTest" name="verifyIfUserIsAbleToLoginAfterProceedToCheckOutButton" time="0.0">
    <ignored/>
  </testcase> <!-- verifyIfUserIsAbleToLoginAfterProceedToCheckOutButton -->
</testsuite> <!-- Default test -->
